<?xml version="1.0" encoding="UTF-8"?>
<!-- Generated by org.testng.reporters.JUnitReportReporter -->
<testsuite skipped="0" hostname="CDC2-D-CJ1TXJ2" name="com.tests.DemoWebShopTest" tests="1" failures="0" timestamp="2020-03-05T14:13:07 IST" time="29.207" errors="0">
  <testcase name="performRegistrationAndPlaceOrder" time="29.207" classname="com.tests.DemoWebShopTest"/>
</testsuite> <!-- com.tests.DemoWebShopTest -->
